Arguments: 
  C:\Program Files\nodejs\node.exe C:\Users\study\AppData\Roaming\npm\node_modules\yarn\bin\yarn.js add axios

PATH: 
  E:\vmware\bin\;C:\Python27\;C:\Python27\Scripts;C:\WINDOWS\system32;C:\WINDOWS;C:\WINDOWS\System32\Wbem;C:\WINDOWS\System32\WindowsPowerShell\v1.0\;C:\WINDOWS\System32\OpenSSH\;C:\ProgramData\chocolatey\bin;C:\Program Files\Java\jdk1.8.0_211\bin;C:\Program Files\Microsoft SQL Server\130\Tools\Binn\;E:\git\Git\bin;E:\gradle\gradle-6.8.1\bin;C:\Program Files (x86)\NVIDIA Corporation\PhysX\Common;C:\Program Files\NVIDIA Corporation\NVIDIA NvDLISR;C:\Program Files\Intel\WiFi\bin\;C:\Program Files\Common Files\Intel\WirelessCommon\;C:\Program Files\Microsoft\Web Platform Installer\;C:\WINDOWS\system32;C:\WINDOWS;C:\WINDOWS\System32\Wbem;C:\WINDOWS\System32\WindowsPowerShell\v1.0\;C:\WINDOWS\System32\OpenSSH\;C:\Program Files\apache-maven-3.6.3-bin\apache-maven-3.6.3\bin;C:\Program Files\dotnet\;C:\Program Files\nodejs;E:\anaconda;E:\anaconda\Scripts;E:\anaconda\Library\bin;E:\anaconda\Library\mingw-w64\bin;D:\mongodb\bin;E:\xftp\;C:\Program Files\MySQL\MySQL Server 8.0\bin;C:\Program Files\MySQL\MySQL Shell 8.0\bin\;C:\Users\study\AppData\Local\Microsoft\WindowsApps;E:\visual studio code\Microsoft VS Code\bin;E:\bandZip\;C:\Users\study\.dotnet\tools;C:\Users\study\AppData\Roaming\npm;E:\pycharm\PyCharm Community Edition 2021.2.1\bin;;

Yarn version: 
  1.22.5

Node version: 
  16.6.1

Platform: 
  win32 x64

Trace: 
  Error: ENOSPC: no space left on device, write

npm manifest: 
  {
    "name": "huashan",
    "version": "1.0.0",
    "main": "index.js",
    "repository": {
      "type": "git",
      "url": "git+https://github.com/Lstudys/HuaShanHomeWork.git"
    },
    "author": "Lstudys <Lstudys@163.com>",
    "license": "MIT",
    "bugs": {
      "url": "https://github.com/Lstudys/HuaShanHomeWork/issues"
    },
    "homepage": "https://github.com/Lstudys/HuaShanHomeWork#readme",
    "scripts": {
      "test": "echo \"Error: no test specified\" && exit 1"
    },
    "description": ""
  }

yarn manifest: 
  No manifest

Lockfile: 
  No lockfile
